[14:12:58] [User Authenticator #1/INFO]: UUID of player iiiaccidently is b5e87f0f-efbe-4e4a-bcd1-acd80d291173
[14:12:59] [Server thread/INFO]: iiiaccidently[/66.225.36.202:56548] logged in with entity id 1022 at (-3630.0479153892447, 68.0, 7048.400644134667)
[14:12:59] [Server thread/INFO]: iiiaccidently joined the game
[14:13:06] [Server thread/INFO]: iiiaccidently lost connection: Disconnected
[14:13:06] [Server thread/INFO]: iiiaccidently left the game
[14:15:02] [User Authenticator #2/INFO]: UUID of player iiiaccidently is b5e87f0f-efbe-4e4a-bcd1-acd80d291173
[14:15:02] [Server thread/INFO]: iiiaccidently[/66.225.36.202:63460] logged in with entity id 1240 at (-3630.0479153892447, 68.0, 7048.400644134667)
[14:15:02] [Server thread/INFO]: iiiaccidently joined the game
[14:27:18] [User Authenticator #3/INFO]: UUID of player zcool1 is 6892b822-5ae3-4912-b260-dd0a539e94eb
[14:27:18] [Server thread/INFO]: zcool1[/192.168.50.90:60549] logged in with entity id 3074 at (-3629.781765770136, 68.0, 7046.516060140773)
[14:27:18] [Server thread/INFO]: zcool1 joined the game
[14:27:46] [Server thread/INFO]: <zcool1> discord
[14:29:16] [Server thread/INFO]: zcool1 lost connection: Disconnected
[14:29:16] [Server thread/INFO]: zcool1 left the game
[14:29:25] [User Authenticator #4/INFO]: UUID of player zcool1 is 6892b822-5ae3-4912-b260-dd0a539e94eb
[14:29:25] [Server thread/INFO]: zcool1[/192.168.50.90:63955] logged in with entity id 3885 at (-3644.699999988079, 64.0, 7043.40841156561)
[14:29:25] [Server thread/INFO]: zcool1 joined the game
[14:38:05] [Server thread/INFO]: zcool1 lost connection: Disconnected
[14:38:05] [Server thread/INFO]: zcool1 left the game
[14:39:18] [User Authenticator #5/INFO]: UUID of player zcool1 is 6892b822-5ae3-4912-b260-dd0a539e94eb
[14:39:18] [Server thread/INFO]: zcool1[/192.168.50.90:63910] logged in with entity id 6320 at (-464.37495124043056, 95.0, 874.5393555089513)
[14:39:18] [Server thread/INFO]: zcool1 joined the game
[14:49:12] [Server thread/INFO]: iiiaccidently lost connection: Disconnected
[14:49:12] [Server thread/INFO]: iiiaccidently left the game
[14:50:48] [User Authenticator #6/INFO]: UUID of player iiiaccidently is b5e87f0f-efbe-4e4a-bcd1-acd80d291173
[14:50:49] [Server thread/INFO]: iiiaccidently[/66.225.36.202:53642] logged in with entity id 8397 at (-464.40896915307746, 95.0, 868.4973340432867)
[14:50:49] [Server thread/INFO]: iiiaccidently joined the game
[15:16:18] [Server thread/INFO]: iiiaccidently has made the advancement [Oh Shiny]
[15:19:06] [Server thread/INFO]: iiiaccidently lost connection: Disconnected
[15:19:06] [Server thread/INFO]: iiiaccidently left the game
[15:19:09] [User Authenticator #7/INFO]: UUID of player iiiaccidently is b5e87f0f-efbe-4e4a-bcd1-acd80d291173
[15:19:09] [Server thread/INFO]: iiiaccidently[/66.225.36.202:49302] logged in with entity id 13904 at (1.699999988079071, 108.0, -16.69999998807907)
[15:19:09] [Server thread/INFO]: iiiaccidently joined the game
[15:24:40] [Server thread/WARN]: Mismatch in destroy block pos: gg{x=1, y=95, z=-17} gg{x=1, y=94, z=-17}
[15:30:38] [Server thread/INFO]: zcool1 lost connection: Disconnected
[15:30:38] [Server thread/INFO]: zcool1 left the game
[15:30:46] [User Authenticator #8/INFO]: UUID of player zcool1 is 6892b822-5ae3-4912-b260-dd0a539e94eb
[15:30:46] [Server thread/INFO]: zcool1[/192.168.50.90:57092] logged in with entity id 19626 at (59.562860946960846, 69.9375, -60.34780721281644)
[15:30:46] [Server thread/INFO]: zcool1 joined the game
[15:36:35] [Server thread/WARN]: Can't keep up! Is the server overloaded? Running 2005ms or 40 ticks behind
[15:36:53] [Server thread/WARN]: Can't keep up! Is the server overloaded? Running 2588ms or 51 ticks behind
[15:37:11] [Server thread/WARN]: Can't keep up! Is the server overloaded? Running 3526ms or 70 ticks behind
[15:37:33] [Server thread/WARN]: Can't keep up! Is the server overloaded? Running 6185ms or 123 ticks behind
[15:37:52] [Server thread/WARN]: Can't keep up! Is the server overloaded? Running 4059ms or 81 ticks behind
[15:38:11] [Server thread/WARN]: Can't keep up! Is the server overloaded? Running 4066ms or 81 ticks behind
[15:38:30] [Server thread/WARN]: Can't keep up! Is the server overloaded? Running 4430ms or 88 ticks behind
[15:38:50] [Server thread/WARN]: Can't keep up! Is the server overloaded? Running 4783ms or 95 ticks behind
[15:39:10] [Server thread/WARN]: Can't keep up! Is the server overloaded? Running 5443ms or 108 ticks behind
[15:39:34] [Server thread/WARN]: Can't keep up! Is the server overloaded? Running 8511ms or 170 ticks behind
[15:39:57] [Server thread/WARN]: Can't keep up! Is the server overloaded? Running 8628ms or 172 ticks behind
[15:40:22] [Server thread/WARN]: Can't keep up! Is the server overloaded? Running 10034ms or 200 ticks behind
[15:40:45] [Server thread/WARN]: Can't keep up! Is the server overloaded? Running 8133ms or 162 ticks behind
[15:41:07] [Server thread/WARN]: Can't keep up! Is the server overloaded? Running 6813ms or 136 ticks behind
[15:41:29] [Server thread/WARN]: Can't keep up! Is the server overloaded? Running 6418ms or 128 ticks behind
[15:41:47] [Server thread/WARN]: Can't keep up! Is the server overloaded? Running 3689ms or 73 ticks behind
[15:42:52] [Server thread/INFO]: iiiaccidently has made the advancement [Eye Spy]
[16:16:55] [Server thread/INFO]: iiiaccidently lost connection: Disconnected
[16:16:55] [Server thread/INFO]: iiiaccidently left the game
[16:17:34] [Server thread/INFO]: zcool1 lost connection: Disconnected
[16:17:34] [Server thread/INFO]: zcool1 left the game
